# JRE version: Java(TM) SE Runtime Environment (8.0_181-b13) (build 1.8.0_181-b13)
# Java VM: Java HotSpot(TM) 64-Bit Server VM (25.181-b13 mixed mode windows-amd64 compressed oops)
Heap:
 PSYoungGen      total 141312K, used 15973K [0x00000000ead80000, 0x00000000f9600000, 0x0000000100000000)
  eden space 124928K, 0% used [0x00000000ead80000,0x00000000ead80000,0x00000000f2780000)
  from space 16384K, 97% used [0x00000000f2780000,0x00000000f3719630,0x00000000f3780000)
  to   space 18944K, 0% used [0x00000000f8380000,0x00000000f8380000,0x00000000f9600000)
 ParOldGen       total 44032K, used 21430K [0x00000000c0800000, 0x00000000c3300000, 0x00000000ead80000)
  object space 44032K, 48% used [0x00000000c0800000,0x00000000c1ced928,0x00000000c3300000)
 Metaspace       used 20621K, capacity 21104K, committed 21296K, reserved 1069056K
  class space    used 2456K, capacity 2626K, committed 2688K, reserved 1048576K
GC Heap History (10 events):
Event: 1.279 GC heap after
Heap after GC invocations=5 (full 0):
 PSYoungGen      total 35328K, used 2544K [0x00000000ead80000, 0x00000000efc80000, 0x0000000100000000)
  eden space 32768K, 0% used [0x00000000ead80000,0x00000000ead80000,0x00000000ecd80000)
  from space 2560K, 99% used [0x00000000ecd80000,0x00000000ecffc030,0x00000000ed000000)
  to   space 7680K, 0% used [0x00000000ef500000,0x00000000ef500000,0x00000000efc80000)
 ParOldGen       total 44032K, used 9737K [0x00000000c0800000, 0x00000000c3300000, 0x00000000ead80000)
  object space 44032K, 22% used [0x00000000c0800000,0x00000000c11824d8,0x00000000c3300000)
 Metaspace       used 14806K, capacity 15060K, committed 15232K, reserved 1062912K
  class space    used 1834K, capacity 1912K, committed 1920K, reserved 1048576K
}
Event: 1.494 GC heap before
{Heap before GC invocations=6 (full 0):
 PSYoungGen      total 35328K, used 35312K [0x00000000ead80000, 0x00000000efc80000, 0x0000000100000000)
  eden space 32768K, 100% used [0x00000000ead80000,0x00000000ecd80000,0x00000000ecd80000)
  from space 2560K, 99% used [0x00000000ecd80000,0x00000000ecffc030,0x00000000ed000000)
  to   space 7680K, 0% used [0x00000000ef500000,0x00000000ef500000,0x00000000efc80000)
 ParOldGen       total 44032K, used 9737K [0x00000000c0800000, 0x00000000c3300000, 0x00000000ead80000)
  object space 44032K, 22% used [0x00000000c0800000,0x00000000c11824d8,0x00000000c3300000)
 Metaspace       used 15170K, capacity 15482K, committed 15872K, reserved 1062912K
  class space    used 1846K, capacity 1945K, committed 2048K, reserved 1048576K
Event: 1.505 GC heap after
Heap after GC invocations=6 (full 0):
 PSYoungGen      total 71680K, used 7664K [0x00000000ead80000, 0x00000000eff80000, 0x0000000100000000)
  eden space 64000K, 0% used [0x00000000ead80000,0x00000000ead80000,0x00000000eec00000)
  from space 7680K, 99% used [0x00000000ef500000,0x00000000efc7c010,0x00000000efc80000)
  to   space 9216K, 0% used [0x00000000eec00000,0x00000000eec00000,0x00000000ef500000)
 ParOldGen       total 44032K, used 10234K [0x00000000c0800000, 0x00000000c3300000, 0x00000000ead80000)
  object space 44032K, 23% used [0x00000000c0800000,0x00000000c11feb28,0x00000000c3300000)
 Metaspace       used 15170K, capacity 15482K, committed 15872K, reserved 1062912K
  class space    used 1846K, capacity 1945K, committed 2048K, reserved 1048576K
}
Event: 1.915 GC heap before
{Heap before GC invocations=7 (full 0):
 PSYoungGen      total 71680K, used 71664K [0x00000000ead80000, 0x00000000eff80000, 0x0000000100000000)
  eden space 64000K, 100% used [0x00000000ead80000,0x00000000eec00000,0x00000000eec00000)
  from space 7680K, 99% used [0x00000000ef500000,0x00000000efc7c010,0x00000000efc80000)
  to   space 9216K, 0% used [0x00000000eec00000,0x00000000eec00000,0x00000000ef500000)
 ParOldGen       total 44032K, used 10234K [0x00000000c0800000, 0x00000000c3300000, 0x00000000ead80000)
  object space 44032K, 23% used [0x00000000c0800000,0x00000000c11feb28,0x00000000c3300000)
 Metaspace       used 15630K, capacity 15896K, committed 16128K, reserved 1062912K
  class space    used 1874K, capacity 1950K, committed 2048K, reserved 1048576K
Event: 1.931 GC heap after
Heap after GC invocations=7 (full 0):
 PSYoungGen      total 73216K, used 9200K [0x00000000ead80000, 0x00000000f4480000, 0x0000000100000000)
  eden space 64000K, 0% used [0x00000000ead80000,0x00000000ead80000,0x00000000eec00000)
  from space 9216K, 99% used [0x00000000eec00000,0x00000000ef4fc010,0x00000000ef500000)
  to   space 13312K, 0% used [0x00000000f3780000,0x00000000f3780000,0x00000000f4480000)
 ParOldGen       total 44032K, used 15387K [0x00000000c0800000, 0x00000000c3300000, 0x00000000ead80000)
  object space 44032K, 34% used [0x00000000c0800000,0x00000000c1706d80,0x00000000c3300000)
 Metaspace       used 15630K, capacity 15896K, committed 16128K, reserved 1062912K
  class space    used 1874K, capacity 1950K, committed 2048K, reserved 1048576K
}
Event: 2.518 GC heap before
{Heap before GC invocations=8 (full 0):
 PSYoungGen      total 73216K, used 73200K [0x00000000ead80000, 0x00000000f4480000, 0x0000000100000000)
  eden space 64000K, 100% used [0x00000000ead80000,0x00000000eec00000,0x00000000eec00000)
  from space 9216K, 99% used [0x00000000eec00000,0x00000000ef4fc010,0x00000000ef500000)
  to   space 13312K, 0% used [0x00000000f3780000,0x00000000f3780000,0x00000000f4480000)
 ParOldGen       total 44032K, used 15387K [0x00000000c0800000, 0x00000000c3300000, 0x00000000ead80000)
  object space 44032K, 34% used [0x00000000c0800000,0x00000000c1706d80,0x00000000c3300000)
 Metaspace       used 16831K, capacity 17160K, committed 17280K, reserved 1064960K
  class space    used 1988K, capacity 2090K, committed 2176K, reserved 1048576K
Event: 2.532 GC heap after
Heap after GC invocations=8 (full 0):
 PSYoungGen      total 138240K, used 13312K [0x00000000ead80000, 0x00000000f4a80000, 0x0000000100000000)
  eden space 124928K, 0% used [0x00000000ead80000,0x00000000ead80000,0x00000000f2780000)
  from space 13312K, 100% used [0x00000000f3780000,0x00000000f4480000,0x00000000f4480000)
  to   space 16384K, 0% used [0x00000000f2780000,0x00000000f2780000,0x00000000f3780000)
 ParOldGen       total 44032K, used 16956K [0x00000000c0800000, 0x00000000c3300000, 0x00000000ead80000)
  object space 44032K, 38% used [0x00000000c0800000,0x00000000c188f0d8,0x00000000c3300000)
 Metaspace       used 16831K, capacity 17160K, committed 17280K, reserved 1064960K
  class space    used 1988K, capacity 2090K, committed 2176K, reserved 1048576K
}
Event: 3.499 GC heap before
{Heap before GC invocations=9 (full 0):
 PSYoungGen      total 138240K, used 102012K [0x00000000ead80000, 0x00000000f4a80000, 0x0000000100000000)
  eden space 124928K, 71% used [0x00000000ead80000,0x00000000f041f3a8,0x00000000f2780000)
  from space 13312K, 100% used [0x00000000f3780000,0x00000000f4480000,0x00000000f4480000)
  to   space 16384K, 0% used [0x00000000f2780000,0x00000000f2780000,0x00000000f3780000)
 ParOldGen       total 44032K, used 16956K [0x00000000c0800000, 0x00000000c3300000, 0x00000000ead80000)
  object space 44032K, 38% used [0x00000000c0800000,0x00000000c188f0d8,0x00000000c3300000)
 Metaspace       used 20621K, capacity 21104K, committed 21296K, reserved 1069056K
  class space    used 2456K, capacity 2626K, committed 2688K, reserved 1048576K
Event: 3.527 GC heap after
Heap after GC invocations=9 (full 0):
 PSYoungGen      total 141312K, used 15973K [0x00000000ead80000, 0x00000000f9600000, 0x0000000100000000)
  eden space 124928K, 0% used [0x00000000ead80000,0x00000000ead80000,0x00000000f2780000)
  from space 16384K, 97% used [0x00000000f2780000,0x00000000f3719630,0x00000000f3780000)
  to   space 18944K, 0% used [0x00000000f8380000,0x00000000f8380000,0x00000000f9600000)
 ParOldGen       total 44032K, used 21430K [0x00000000c0800000, 0x00000000c3300000, 0x00000000ead80000)
  object space 44032K, 48% used [0x00000000c0800000,0x00000000c1ced928,0x00000000c3300000)
 Metaspace       used 20621K, capacity 21104K, committed 21296K, reserved 1069056K
  class space    used 2456K, capacity 2626K, committed 2688K, reserved 1048576K
}
Event: 3.527 GC heap before
{Heap before GC invocations=10 (full 1):
 PSYoungGen      total 141312K, used 15973K [0x00000000ead80000, 0x00000000f9600000, 0x0000000100000000)
  eden space 124928K, 0% used [0x00000000ead80000,0x00000000ead80000,0x00000000f2780000)
  from space 16384K, 97% used [0x00000000f2780000,0x00000000f3719630,0x00000000f3780000)
  to   space 18944K, 0% used [0x00000000f8380000,0x00000000f8380000,0x00000000f9600000)
 ParOldGen       total 44032K, used 21430K [0x00000000c0800000, 0x00000000c3300000, 0x00000000ead80000)
  object space 44032K, 48% used [0x00000000c0800000,0x00000000c1ced928,0x00000000c3300000)
 Metaspace       used 20621K, capacity 21104K, committed 21296K, reserved 1069056K
  class space    used 2456K, capacity 2626K, committed 2688K, reserved 1048576K

